<?xml version="1.0" encoding="UTF-8"?>
<!-- Generated by org.testng.reporters.JUnitReportReporter -->
<testsuite skipped="0" hostname="Rohit-PC" name="javaScriptExecuter.JavaScriptExecutor" tests="1" failures="0" timestamp="28 Apr 2018 11:30:25 GMT" time="36.335" errors="0">
  <testcase name="HighlightObject" time="36.335" classname="javaScriptExecuter.JavaScriptExecutor"/>
</testsuite> <!-- javaScriptExecuter.JavaScriptExecutor -->
