<?xml version="1.0" encoding="UTF-8"?>
<!-- Generated by org.testng.reporters.JUnitReportReporter -->
<testsuite skipped="0" hostname="Rohit-PC" name="actionsPackage.ActionsClass" tests="1" failures="0" timestamp="15 Apr 2018 06:23:19 GMT" time="73.833" errors="0">
  <testcase name="test" time="73.833" classname="actionsPackage.ActionsClass"/>
</testsuite> <!-- actionsPackage.ActionsClass -->
