<?xml version="1.0" encoding="UTF-8"?>
<!-- Generated by org.testng.reporters.JUnitReportReporter -->
<testsuite skipped="0" hostname="Rohit-PC" name="javaScriptExecuter.FlashObject" tests="1" failures="0" timestamp="28 Apr 2018 10:14:56 GMT" time="38.741" errors="0">
  <testcase name="HighlightObject" time="38.741" classname="javaScriptExecuter.FlashObject"/>
</testsuite> <!-- javaScriptExecuter.FlashObject -->
