<?xml version="1.0" encoding="UTF-8"?>
<!-- Generated by org.testng.reporters.JUnitReportReporter -->
<testsuite skipped="0" hostname="Rohit-PC" name="basicConcepts.ExplicitWait" tests="1" failures="0" timestamp="18 Apr 2018 15:20:52 GMT" time="23.787" errors="0">
  <testcase name="testExplicit" time="23.787" classname="basicConcepts.ExplicitWait"/>
</testsuite> <!-- basicConcepts.ExplicitWait -->
