<?xml version="1.0" encoding="UTF-8"?>
<!-- Generated by org.testng.reporters.JUnitReportReporter -->
<testsuite skipped="0" hostname="Rohit-PC" name="basicConcepts.BrowserWindowsPopUp" tests="1" failures="0" timestamp="22 Apr 2018 10:06:21 GMT" time="24.448" errors="0">
  <testcase name="WidnowsPopUpTest" time="24.448" classname="basicConcepts.BrowserWindowsPopUp"/>
</testsuite> <!-- basicConcepts.BrowserWindowsPopUp -->
