<?xml version="1.0" encoding="UTF-8"?>
<!-- Generated by org.testng.reporters.JUnitReportReporter -->
<testsuite skipped="0" hostname="Rohit-PC" name="basicConcepts.HTMLUnitDriver" tests="1" failures="0" timestamp="22 Apr 2018 12:31:32 GMT" time="65.798" errors="0">
  <testcase name="HTMLUnitBrowserTest" time="65.798" classname="basicConcepts.HTMLUnitDriver"/>
</testsuite> <!-- basicConcepts.HTMLUnitDriver -->
