<?xml version="1.0" encoding="UTF-8"?>
<!-- Generated by org.testng.reporters.JUnitReportReporter -->
<testsuite skipped="0" hostname="Rohit-PC" name="basicConcepts.BrowserFile" tests="1" failures="0" timestamp="22 Apr 2018 10:12:19 GMT" time="31.522" errors="0">
  <testcase name="BrowseFileTest" time="31.522" classname="basicConcepts.BrowserFile"/>
</testsuite> <!-- basicConcepts.BrowserFile -->
