<?xml version="1.0" encoding="UTF-8"?>
<!-- Generated by org.testng.reporters.JUnitReportReporter -->
<testsuite skipped="0" hostname="Rohit-PC" name="locatorTechnique.FindElements" tests="1" failures="0" timestamp="15 Apr 2018 12:07:41 GMT" time="18.044" errors="0">
  <testcase name="xpath" time="18.044" classname="locatorTechnique.FindElements"/>
</testsuite> <!-- locatorTechnique.FindElements -->
